# JRE version: Java(TM) SE Runtime Environment (16.0.1+9) (build 16.0.1+9-24)
# Java VM: Java HotSpot(TM) 64-Bit Server VM (16.0.1+9-24, mixed mode, sharing, tiered, compressed oops, compressed class ptrs, g1 gc, windows-amd64)
GC Precious Log:
 CPUs: 4 total, 4 available
 Memory: 8047M
 Large Page Support: Disabled
 NUMA Support: Disabled
 Compressed Oops: Enabled (32-bit)
 Heap Region Size: 1M
 Heap Min Capacity: 8M
 Heap Initial Capacity: 126M
 Heap Max Capacity: 2012M
 Pre-touch: Disabled
 Parallel Workers: 4
 Concurrent Workers: 1
 Concurrent Refinement Workers: 4
 Periodic GC: Disabled
Heap:
 garbage-first heap   total 133120K, used 94521K [0x0000000082400000, 0x0000000100000000)
  region size 1024K, 47 young (48128K), 7 survivors (7168K)
 Metaspace       used 72433K, committed 73280K, reserved 1114112K
  class space    used 9909K, committed 10304K, reserved 1048576K
GC Heap History (20 events):
Event: 2001.211 GC heap after
{Heap after GC invocations=68 (full 6):
 garbage-first heap   total 133120K, used 47755K [0x0000000082400000, 0x0000000100000000)
  region size 1024K, 9 young (9216K), 9 survivors (9216K)
 Metaspace       used 71846K, committed 72768K, reserved 1114112K
  class space    used 9853K, committed 10304K, reserved 1048576K
}
Event: 2002.057 GC heap before
{Heap before GC invocations=68 (full 6):
 garbage-first heap   total 133120K, used 107147K [0x0000000082400000, 0x0000000100000000)
  region size 1024K, 65 young (66560K), 9 survivors (9216K)
 Metaspace       used 71846K, committed 72768K, reserved 1114112K
  class space    used 9853K, committed 10304K, reserved 1048576K
}
Event: 2002.083 GC heap after
{Heap after GC invocations=69 (full 6):
 garbage-first heap   total 133120K, used 53934K [0x0000000082400000, 0x0000000100000000)
  region size 1024K, 9 young (9216K), 9 survivors (9216K)
 Metaspace       used 71846K, committed 72768K, reserved 1114112K
  class space    used 9853K, committed 10304K, reserved 1048576K
}
Event: 2044.541 GC heap before
{Heap before GC invocations=69 (full 6):
 garbage-first heap   total 133120K, used 74414K [0x0000000082400000, 0x0000000100000000)
  region size 1024K, 30 young (30720K), 9 survivors (9216K)
 Metaspace       used 71871K, committed 72768K, reserved 1114112K
  class space    used 9855K, committed 10304K, reserved 1048576K
}
Event: 2044.698 GC heap after
{Heap after GC invocations=70 (full 7):
 garbage-first heap   total 133120K, used 40988K [0x0000000082400000, 0x0000000100000000)
  region size 1024K, 0 young (0K), 0 survivors (0K)
 Metaspace       used 71871K, committed 72768K, reserved 1114112K
  class space    used 9855K, committed 10304K, reserved 1048576K
}
Event: 2046.622 GC heap before
{Heap before GC invocations=70 (full 7):
 garbage-first heap   total 133120K, used 100380K [0x0000000082400000, 0x0000000100000000)
  region size 1024K, 59 young (60416K), 0 survivors (0K)
 Metaspace       used 71976K, committed 72832K, reserved 1114112K
  class space    used 9875K, committed 10304K, reserved 1048576K
}
Event: 2046.627 GC heap after
{Heap after GC invocations=71 (full 7):
 garbage-first heap   total 133120K, used 44895K [0x0000000082400000, 0x0000000100000000)
  region size 1024K, 4 young (4096K), 4 survivors (4096K)
 Metaspace       used 71976K, committed 72832K, reserved 1114112K
  class space    used 9875K, committed 10304K, reserved 1048576K
}
Event: 2048.186 GC heap before
{Heap before GC invocations=71 (full 7):
 garbage-first heap   total 133120K, used 102239K [0x0000000082400000, 0x0000000100000000)
  region size 1024K, 61 young (62464K), 4 survivors (4096K)
 Metaspace       used 72138K, committed 72960K, reserved 1114112K
  class space    used 9889K, committed 10304K, reserved 1048576K
}
Event: 2048.192 GC heap after
{Heap after GC invocations=72 (full 7):
 garbage-first heap   total 133120K, used 47003K [0x0000000082400000, 0x0000000100000000)
  region size 1024K, 6 young (6144K), 6 survivors (6144K)
 Metaspace       used 72138K, committed 72960K, reserved 1114112K
  class space    used 9889K, committed 10304K, reserved 1048576K
}
Event: 2048.743 GC heap before
{Heap before GC invocations=72 (full 7):
 garbage-first heap   total 133120K, used 106395K [0x0000000082400000, 0x0000000100000000)
  region size 1024K, 62 young (63488K), 6 survivors (6144K)
 Metaspace       used 72143K, committed 72960K, reserved 1114112K
  class space    used 9890K, committed 10304K, reserved 1048576K
}
Event: 2048.755 GC heap after
{Heap after GC invocations=73 (full 7):
 garbage-first heap   total 133120K, used 51648K [0x0000000082400000, 0x0000000100000000)
  region size 1024K, 7 young (7168K), 7 survivors (7168K)
 Metaspace       used 72143K, committed 72960K, reserved 1114112K
  class space    used 9890K, committed 10304K, reserved 1048576K
}
Event: 2051.120 GC heap before
{Heap before GC invocations=73 (full 7):
 garbage-first heap   total 133120K, used 86464K [0x0000000082400000, 0x0000000100000000)
  region size 1024K, 43 young (44032K), 7 survivors (7168K)
 Metaspace       used 72206K, committed 73024K, reserved 1114112K
  class space    used 9894K, committed 10304K, reserved 1048576K
}
Event: 2051.253 GC heap after
{Heap after GC invocations=74 (full 8):
 garbage-first heap   total 133120K, used 43615K [0x0000000082400000, 0x0000000100000000)
  region size 1024K, 0 young (0K), 0 survivors (0K)
 Metaspace       used 72206K, committed 73024K, reserved 1114112K
  class space    used 9894K, committed 10304K, reserved 1048576K
}
Event: 2052.189 GC heap before
{Heap before GC invocations=74 (full 8):
 garbage-first heap   total 133120K, used 101983K [0x0000000082400000, 0x0000000100000000)
  region size 1024K, 58 young (59392K), 0 survivors (0K)
 Metaspace       used 72240K, committed 73088K, reserved 1114112K
  class space    used 9899K, committed 10304K, reserved 1048576K
}
Event: 2052.193 GC heap after
{Heap after GC invocations=75 (full 8):
 garbage-first heap   total 133120K, used 47240K [0x0000000082400000, 0x0000000100000000)
  region size 1024K, 4 young (4096K), 4 survivors (4096K)
 Metaspace       used 72240K, committed 73088K, reserved 1114112K
  class space    used 9899K, committed 10304K, reserved 1048576K
}
Event: 2053.389 GC heap before
{Heap before GC invocations=75 (full 8):
 garbage-first heap   total 133120K, used 103560K [0x0000000082400000, 0x0000000100000000)
  region size 1024K, 60 young (61440K), 4 survivors (4096K)
 Metaspace       used 72378K, committed 73216K, reserved 1114112K
  class space    used 9908K, committed 10304K, reserved 1048576K
}
Event: 2053.395 GC heap after
{Heap after GC invocations=76 (full 8):
 garbage-first heap   total 133120K, used 49759K [0x0000000082400000, 0x0000000100000000)
  region size 1024K, 6 young (6144K), 6 survivors (6144K)
 Metaspace       used 72378K, committed 73216K, reserved 1114112K
  class space    used 9908K, committed 10304K, reserved 1048576K
}
Event: 2054.089 GC heap before
{Heap before GC invocations=76 (full 8):
 garbage-first heap   total 133120K, used 106079K [0x0000000082400000, 0x0000000100000000)
  region size 1024K, 61 young (62464K), 6 survivors (6144K)
 Metaspace       used 72378K, committed 73216K, reserved 1114112K
  class space    used 9908K, committed 10304K, reserved 1048576K
}
Event: 2054.110 GC heap after
{Heap after GC invocations=77 (full 8):
 garbage-first heap   total 133120K, used 53443K [0x0000000082400000, 0x0000000100000000)
  region size 1024K, 7 young (7168K), 7 survivors (7168K)
 Metaspace       used 72378K, committed 73216K, reserved 1114112K
  class space    used 9908K, committed 10304K, reserved 1048576K
}
Event: 2080.906 GC heap before
{Heap before GC invocations=77 (full 8):
 garbage-first heap   total 133120K, used 94403K [0x0000000082400000, 0x0000000100000000)
  region size 1024K, 47 young (48128K), 7 survivors (7168K)
 Metaspace       used 72433K, committed 73280K, reserved 1114112K
  class space    used 9909K, committed 10304K, reserved 1048576K
}

